C:\USERS\X13066XX\DOCUMENTS\VISUAL STUDIO 2012\PROJECTS\TEST - 2\OPENCVSAMPLE\X64\DEBUG\MAIN.OBJ
C:\USERS\X13066XX\DOCUMENTS\VISUAL STUDIO 2012\PROJECTS\TEST - 2\OPENCVSAMPLE\X64\DEBUG\VC110.PDB
C:\USERS\X13066XX\DOCUMENTS\VISUAL STUDIO 2012\PROJECTS\TEST - 2\X64\DEBUG\OPENCVSAMPLE.ILK
C:\USERS\X13066XX\DOCUMENTS\VISUAL STUDIO 2012\PROJECTS\TEST - 2\X64\DEBUG\OPENCVSAMPLE.EXE
C:\USERS\X13066XX\DOCUMENTS\VISUAL STUDIO 2012\PROJECTS\TEST - 2\X64\DEBUG\OPENCVSAMPLE.PDB
C:\Users\x13066xx\Documents\Visual Studio 2012\Projects\test - 2\opencvsample\x64\Debug\main.obj
C:\Users\x13066xx\Documents\Visual Studio 2012\Projects\test - 2\opencvsample\x64\Debug\cl.command.1.tlog
C:\Users\x13066xx\Documents\Visual Studio 2012\Projects\test - 2\opencvsample\x64\Debug\CL.read.1.tlog
C:\Users\x13066xx\Documents\Visual Studio 2012\Projects\test - 2\opencvsample\x64\Debug\CL.write.1.tlog
C:\Users\x13066xx\Documents\Visual Studio 2012\Projects\test - 2\opencvsample\x64\Debug\link-cvtres.read.1.tlog
C:\Users\x13066xx\Documents\Visual Studio 2012\Projects\test - 2\opencvsample\x64\Debug\link-cvtres.write.1.tlog
C:\Users\x13066xx\Documents\Visual Studio 2012\Projects\test - 2\opencvsample\x64\Debug\link-rc.read.1.tlog
C:\Users\x13066xx\Documents\Visual Studio 2012\Projects\test - 2\opencvsample\x64\Debug\link-rc.write.1.tlog
C:\Users\x13066xx\Documents\Visual Studio 2012\Projects\test - 2\opencvsample\x64\Debug\link.command.1.tlog
C:\Users\x13066xx\Documents\Visual Studio 2012\Projects\test - 2\opencvsample\x64\Debug\link.read.1.tlog
C:\Users\x13066xx\Documents\Visual Studio 2012\Projects\test - 2\opencvsample\x64\Debug\link.write.1.tlog
C:\Users\x13066xx\Documents\Visual Studio 2012\Projects\test - 2\opencvsample\x64\Debug\vc110.idb
C:\Users\x13066xx\Documents\Visual Studio 2012\Projects\test - 2\opencvsample\x64\Debug\vc110.pdb
C:\Users\x13066xx\Documents\Visual Studio 2012\Projects\test - 2\x64\Debug\opencvsample.pdb
C:\Users\x13066xx\Documents\Visual Studio 2012\Projects\test - 2\x64\Debug\opencvsample.exe
C:\Users\x13066xx\Documents\Visual Studio 2012\Projects\test - 2\x64\Debug\opencvsample.ilk
